The target system is: Arduino -  - 
The host system is: Linux - 4.13.0-32-generic - x86_64
Compiling the C compiler identification source file "CMakeCCompilerId.c" succeeded.
Compiler: /usr/bin/avr-gcc 
Build flags: 
Id flags: 

The output was:
0


Compilation of the C compiler identification source "CMakeCCompilerId.c" produced "a.out"

The C compiler identification is GNU, found in "/home/rihards/Desktop/OSCC_Mar_2018/oscc-joystick-commander/oscc/firmware/build/CMakeFiles/3.5.1/CompilerIdC/a.out"

Compiling the CXX compiler identification source file "CMakeCXXCompilerId.cpp" succeeded.
Compiler: /usr/bin/avr-g++ 
Build flags: 
Id flags: 

The output was:
0


Compilation of the CXX compiler identification source "CMakeCXXCompilerId.cpp" produced "a.out"

The CXX compiler identification is GNU, found in "/home/rihards/Desktop/OSCC_Mar_2018/oscc-joystick-commander/oscc/firmware/build/CMakeFiles/3.5.1/CompilerIdCXX/a.out"

Determining if the C compiler works passed with the following output:
Change Dir: /home/rihards/Desktop/OSCC_Mar_2018/oscc-joystick-commander/oscc/firmware/build/CMakeFiles/CMakeTmp

Run Build Command:"/usr/bin/make" "cmTC_8901a/fast"
/usr/bin/make -f CMakeFiles/cmTC_8901a.dir/build.make CMakeFiles/cmTC_8901a.dir/build
make[1]: Entering directory '/home/rihards/Desktop/OSCC_Mar_2018/oscc-joystick-commander/oscc/firmware/build/CMakeFiles/CMakeTmp'
Building C object CMakeFiles/cmTC_8901a.dir/testCCompiler.c.obj
/usr/bin/avr-gcc    -g -Os       -mcall-prologues -ffunction-sections -fdata-sections    -o CMakeFiles/cmTC_8901a.dir/testCCompiler.c.obj   -c /home/rihards/Desktop/OSCC_Mar_2018/oscc-joystick-commander/oscc/firmware/build/CMakeFiles/CMakeTmp/testCCompiler.c
Linking C executable cmTC_8901a
/usr/bin/cmake -E cmake_link_script CMakeFiles/cmTC_8901a.dir/link.txt --verbose=1
/usr/bin/avr-gcc  -g -Os       -mcall-prologues -ffunction-sections -fdata-sections   -Wl,--gc-sections -lm  CMakeFiles/cmTC_8901a.dir/testCCompiler.c.obj  -o cmTC_8901a  
make[1]: Leaving directory '/home/rihards/Desktop/OSCC_Mar_2018/oscc-joystick-commander/oscc/firmware/build/CMakeFiles/CMakeTmp'


Detecting C compiler ABI info compiled with the following output:
Change Dir: /home/rihards/Desktop/OSCC_Mar_2018/oscc-joystick-commander/oscc/firmware/build/CMakeFiles/CMakeTmp

Run Build Command:"/usr/bin/make" "cmTC_2f8ea/fast"
/usr/bin/make -f CMakeFiles/cmTC_2f8ea.dir/build.make CMakeFiles/cmTC_2f8ea.dir/build
make[1]: Entering directory '/home/rihards/Desktop/OSCC_Mar_2018/oscc-joystick-commander/oscc/firmware/build/CMakeFiles/CMakeTmp'
Building C object CMakeFiles/cmTC_2f8ea.dir/CMakeCCompilerABI.c.obj
/usr/bin/avr-gcc    -g -Os       -mcall-prologues -ffunction-sections -fdata-sections    -o CMakeFiles/cmTC_2f8ea.dir/CMakeCCompilerABI.c.obj   -c /usr/share/cmake-3.5/Modules/CMakeCCompilerABI.c
Linking C executable cmTC_2f8ea
/usr/bin/cmake -E cmake_link_script CMakeFiles/cmTC_2f8ea.dir/link.txt --verbose=1
/usr/bin/avr-gcc  -g -Os       -mcall-prologues -ffunction-sections -fdata-sections   -Wl,--gc-sections -lm -v CMakeFiles/cmTC_2f8ea.dir/CMakeCCompilerABI.c.obj  -o cmTC_2f8ea   
Using built-in specs.
Reading specs from /usr/lib/gcc/avr/4.9.2/device-specs/specs-avr2
COLLECT_GCC=/usr/bin/avr-gcc
COLLECT_LTO_WRAPPER=/usr/lib/gcc/avr/4.9.2/lto-wrapper
Target: avr
Configured with: ../src/configure -v --enable-languages=c,c++ --prefix=/usr/lib --infodir=/usr/share/info --mandir=/usr/share/man --bindir=/usr/bin --libexecdir=/usr/lib --libdir=/usr/lib --enable-shared --with-system-zlib --enable-long-long --enable-nls --without-included-gettext --disable-libssp --build=x86_64-linux-gnu --host=x86_64-linux-gnu --target=avr CFLAGS='-g -O2 -fstack-protector-strong -Wformat ' CPPFLAGS=-D_FORTIFY_SOURCE=2 CXXFLAGS='-g -O2 -fstack-protector-strong -Wformat ' FCFLAGS='-g -O2 -fstack-protector-strong' FFLAGS='-g -O2 -fstack-protector-strong' GCJFLAGS='-g -O2 -fstack-protector-strong' LDFLAGS='-Wl,-Bsymbolic-functions -Wl,-z,relro' OBJCFLAGS='-g -O2 -fstack-protector-strong -Wformat ' OBJCXXFLAGS='-g -O2 -fstack-protector-strong -Wformat '
Thread model: single
gcc version 4.9.2 (GCC) 
COMPILER_PATH=/usr/lib/gcc/avr/4.9.2/:/usr/lib/gcc/avr/4.9.2/:/usr/lib/gcc/avr/:/usr/lib/gcc/avr/4.9.2/:/usr/lib/gcc/avr/:/usr/lib/gcc/avr/4.9.2/../../../avr/bin/
LIBRARY_PATH=/usr/lib/gcc/avr/4.9.2/:/usr/lib/gcc/avr/4.9.2/../../../avr/lib/
COLLECT_GCC_OPTIONS='-g' '-Os' '-mcall-prologues' '-ffunction-sections' '-fdata-sections' '-v' '-o' 'cmTC_2f8ea' '-specs=device-specs/specs-avr2'
 /usr/lib/gcc/avr/4.9.2/collect2 -plugin /usr/lib/gcc/avr/4.9.2/liblto_plugin.so -plugin-opt=/usr/lib/gcc/avr/4.9.2/lto-wrapper -plugin-opt=-fresolution=/tmp/ccArdFOC.res -plugin-opt=-pass-through=-lgcc -plugin-opt=-pass-through=-lm -plugin-opt=-pass-through=-lc -o cmTC_2f8ea -L/usr/lib/gcc/avr/4.9.2 -L/usr/lib/gcc/avr/4.9.2/../../../avr/lib --gc-sections -lm CMakeFiles/cmTC_2f8ea.dir/CMakeCCompilerABI.c.obj --start-group -lgcc -lm -lc --end-group
make[1]: Leaving directory '/home/rihards/Desktop/OSCC_Mar_2018/oscc-joystick-commander/oscc/firmware/build/CMakeFiles/CMakeTmp'


Parsed C implicit link information from above output:
  link line regex: [^( *|.*[/\])(avr-ld|([^/\]+-)?ld|collect2)[^/\]*( |$)]
  ignore line: [Change Dir: /home/rihards/Desktop/OSCC_Mar_2018/oscc-joystick-commander/oscc/firmware/build/CMakeFiles/CMakeTmp]
  ignore line: []
  ignore line: [Run Build Command:"/usr/bin/make" "cmTC_2f8ea/fast"]
  ignore line: [/usr/bin/make -f CMakeFiles/cmTC_2f8ea.dir/build.make CMakeFiles/cmTC_2f8ea.dir/build]
  ignore line: [make[1]: Entering directory '/home/rihards/Desktop/OSCC_Mar_2018/oscc-joystick-commander/oscc/firmware/build/CMakeFiles/CMakeTmp']
  ignore line: [Building C object CMakeFiles/cmTC_2f8ea.dir/CMakeCCompilerABI.c.obj]
  ignore line: [/usr/bin/avr-gcc    -g -Os       -mcall-prologues -ffunction-sections -fdata-sections    -o CMakeFiles/cmTC_2f8ea.dir/CMakeCCompilerABI.c.obj   -c /usr/share/cmake-3.5/Modules/CMakeCCompilerABI.c]
  ignore line: [Linking C executable cmTC_2f8ea]
  ignore line: [/usr/bin/cmake -E cmake_link_script CMakeFiles/cmTC_2f8ea.dir/link.txt --verbose=1]
  ignore line: [/usr/bin/avr-gcc  -g -Os       -mcall-prologues -ffunction-sections -fdata-sections   -Wl,--gc-sections -lm -v CMakeFiles/cmTC_2f8ea.dir/CMakeCCompilerABI.c.obj  -o cmTC_2f8ea   ]
  ignore line: [Using built-in specs.]
  ignore line: [Reading specs from /usr/lib/gcc/avr/4.9.2/device-specs/specs-avr2]
  ignore line: [COLLECT_GCC=/usr/bin/avr-gcc]
  ignore line: [COLLECT_LTO_WRAPPER=/usr/lib/gcc/avr/4.9.2/lto-wrapper]
  ignore line: [Target: avr]
  ignore line: [Configured with: ../src/configure -v --enable-languages=c,c++ --prefix=/usr/lib --infodir=/usr/share/info --mandir=/usr/share/man --bindir=/usr/bin --libexecdir=/usr/lib --libdir=/usr/lib --enable-shared --with-system-zlib --enable-long-long --enable-nls --without-included-gettext --disable-libssp --build=x86_64-linux-gnu --host=x86_64-linux-gnu --target=avr CFLAGS='-g -O2 -fstack-protector-strong -Wformat ' CPPFLAGS=-D_FORTIFY_SOURCE=2 CXXFLAGS='-g -O2 -fstack-protector-strong -Wformat ' FCFLAGS='-g -O2 -fstack-protector-strong' FFLAGS='-g -O2 -fstack-protector-strong' GCJFLAGS='-g -O2 -fstack-protector-strong' LDFLAGS='-Wl,-Bsymbolic-functions -Wl,-z,relro' OBJCFLAGS='-g -O2 -fstack-protector-strong -Wformat ' OBJCXXFLAGS='-g -O2 -fstack-protector-strong -Wformat ']
  ignore line: [Thread model: single]
  ignore line: [gcc version 4.9.2 (GCC) ]
  ignore line: [COMPILER_PATH=/usr/lib/gcc/avr/4.9.2/:/usr/lib/gcc/avr/4.9.2/:/usr/lib/gcc/avr/:/usr/lib/gcc/avr/4.9.2/:/usr/lib/gcc/avr/:/usr/lib/gcc/avr/4.9.2/../../../avr/bin/]
  ignore line: [LIBRARY_PATH=/usr/lib/gcc/avr/4.9.2/:/usr/lib/gcc/avr/4.9.2/../../../avr/lib/]
  ignore line: [COLLECT_GCC_OPTIONS='-g' '-Os' '-mcall-prologues' '-ffunction-sections' '-fdata-sections' '-v' '-o' 'cmTC_2f8ea' '-specs=device-specs/specs-avr2']
  link line: [ /usr/lib/gcc/avr/4.9.2/collect2 -plugin /usr/lib/gcc/avr/4.9.2/liblto_plugin.so -plugin-opt=/usr/lib/gcc/avr/4.9.2/lto-wrapper -plugin-opt=-fresolution=/tmp/ccArdFOC.res -plugin-opt=-pass-through=-lgcc -plugin-opt=-pass-through=-lm -plugin-opt=-pass-through=-lc -o cmTC_2f8ea -L/usr/lib/gcc/avr/4.9.2 -L/usr/lib/gcc/avr/4.9.2/../../../avr/lib --gc-sections -lm CMakeFiles/cmTC_2f8ea.dir/CMakeCCompilerABI.c.obj --start-group -lgcc -lm -lc --end-group]
    arg [/usr/lib/gcc/avr/4.9.2/collect2] ==> ignore
    arg [-plugin] ==> ignore
    arg [/usr/lib/gcc/avr/4.9.2/liblto_plugin.so] ==> ignore
    arg [-plugin-opt=/usr/lib/gcc/avr/4.9.2/lto-wrapper] ==> ignore
    arg [-plugin-opt=-fresolution=/tmp/ccArdFOC.res] ==> ignore
    arg [-plugin-opt=-pass-through=-lgcc] ==> ignore
    arg [-plugin-opt=-pass-through=-lm] ==> ignore
    arg [-plugin-opt=-pass-through=-lc] ==> ignore
    arg [-o] ==> ignore
    arg [cmTC_2f8ea] ==> ignore
    arg [-L/usr/lib/gcc/avr/4.9.2] ==> dir [/usr/lib/gcc/avr/4.9.2]
    arg [-L/usr/lib/gcc/avr/4.9.2/../../../avr/lib] ==> dir [/usr/lib/gcc/avr/4.9.2/../../../avr/lib]
    arg [--gc-sections] ==> ignore
    arg [-lm] ==> lib [m]
    arg [CMakeFiles/cmTC_2f8ea.dir/CMakeCCompilerABI.c.obj] ==> ignore
    arg [--start-group] ==> ignore
    arg [-lgcc] ==> lib [gcc]
    arg [-lm] ==> lib [m]
    arg [-lc] ==> lib [c]
    arg [--end-group] ==> ignore
  remove lib [gcc]
  collapse library dir [/usr/lib/gcc/avr/4.9.2] ==> [/usr/lib/gcc/avr/4.9.2]
  collapse library dir [/usr/lib/gcc/avr/4.9.2/../../../avr/lib] ==> [/usr/lib/avr/lib]
  implicit libs: [m;m;c]
  implicit dirs: [/usr/lib/gcc/avr/4.9.2;/usr/lib/avr/lib]
  implicit fwks: []




Detecting C [-std=c11] compiler features compiled with the following output:
Change Dir: /home/rihards/Desktop/OSCC_Mar_2018/oscc-joystick-commander/oscc/firmware/build/CMakeFiles/CMakeTmp

Run Build Command:"/usr/bin/make" "cmTC_eb31d/fast"
/usr/bin/make -f CMakeFiles/cmTC_eb31d.dir/build.make CMakeFiles/cmTC_eb31d.dir/build
make[1]: Entering directory '/home/rihards/Desktop/OSCC_Mar_2018/oscc-joystick-commander/oscc/firmware/build/CMakeFiles/CMakeTmp'
Building C object CMakeFiles/cmTC_eb31d.dir/feature_tests.c.obj
/usr/bin/avr-gcc    -g -Os       -mcall-prologues -ffunction-sections -fdata-sections    -std=c11 -o CMakeFiles/cmTC_eb31d.dir/feature_tests.c.obj   -c /home/rihards/Desktop/OSCC_Mar_2018/oscc-joystick-commander/oscc/firmware/build/CMakeFiles/feature_tests.c
Linking C executable cmTC_eb31d
/usr/bin/cmake -E cmake_link_script CMakeFiles/cmTC_eb31d.dir/link.txt --verbose=1
/usr/bin/avr-gcc  -g -Os       -mcall-prologues -ffunction-sections -fdata-sections   -Wl,--gc-sections -lm  CMakeFiles/cmTC_eb31d.dir/feature_tests.c.obj  -o cmTC_eb31d  
make[1]: Leaving directory '/home/rihards/Desktop/OSCC_Mar_2018/oscc-joystick-commander/oscc/firmware/build/CMakeFiles/CMakeTmp'




Detecting C [-std=c99] compiler features compiled with the following output:
Change Dir: /home/rihards/Desktop/OSCC_Mar_2018/oscc-joystick-commander/oscc/firmware/build/CMakeFiles/CMakeTmp

Run Build Command:"/usr/bin/make" "cmTC_ff20c/fast"
/usr/bin/make -f CMakeFiles/cmTC_ff20c.dir/build.make CMakeFiles/cmTC_ff20c.dir/build
make[1]: Entering directory '/home/rihards/Desktop/OSCC_Mar_2018/oscc-joystick-commander/oscc/firmware/build/CMakeFiles/CMakeTmp'
Building C object CMakeFiles/cmTC_ff20c.dir/feature_tests.c.obj
/usr/bin/avr-gcc    -g -Os       -mcall-prologues -ffunction-sections -fdata-sections    -std=c99 -o CMakeFiles/cmTC_ff20c.dir/feature_tests.c.obj   -c /home/rihards/Desktop/OSCC_Mar_2018/oscc-joystick-commander/oscc/firmware/build/CMakeFiles/feature_tests.c
Linking C executable cmTC_ff20c
/usr/bin/cmake -E cmake_link_script CMakeFiles/cmTC_ff20c.dir/link.txt --verbose=1
/usr/bin/avr-gcc  -g -Os       -mcall-prologues -ffunction-sections -fdata-sections   -Wl,--gc-sections -lm  CMakeFiles/cmTC_ff20c.dir/feature_tests.c.obj  -o cmTC_ff20c  
make[1]: Leaving directory '/home/rihards/Desktop/OSCC_Mar_2018/oscc-joystick-commander/oscc/firmware/build/CMakeFiles/CMakeTmp'




Detecting C [-std=c90] compiler features compiled with the following output:
Change Dir: /home/rihards/Desktop/OSCC_Mar_2018/oscc-joystick-commander/oscc/firmware/build/CMakeFiles/CMakeTmp

Run Build Command:"/usr/bin/make" "cmTC_dcde4/fast"
/usr/bin/make -f CMakeFiles/cmTC_dcde4.dir/build.make CMakeFiles/cmTC_dcde4.dir/build
make[1]: Entering directory '/home/rihards/Desktop/OSCC_Mar_2018/oscc-joystick-commander/oscc/firmware/build/CMakeFiles/CMakeTmp'
Building C object CMakeFiles/cmTC_dcde4.dir/feature_tests.c.obj
/usr/bin/avr-gcc    -g -Os       -mcall-prologues -ffunction-sections -fdata-sections    -std=c90 -o CMakeFiles/cmTC_dcde4.dir/feature_tests.c.obj   -c /home/rihards/Desktop/OSCC_Mar_2018/oscc-joystick-commander/oscc/firmware/build/CMakeFiles/feature_tests.c
Linking C executable cmTC_dcde4
/usr/bin/cmake -E cmake_link_script CMakeFiles/cmTC_dcde4.dir/link.txt --verbose=1
/usr/bin/avr-gcc  -g -Os       -mcall-prologues -ffunction-sections -fdata-sections   -Wl,--gc-sections -lm  CMakeFiles/cmTC_dcde4.dir/feature_tests.c.obj  -o cmTC_dcde4  
make[1]: Leaving directory '/home/rihards/Desktop/OSCC_Mar_2018/oscc-joystick-commander/oscc/firmware/build/CMakeFiles/CMakeTmp'


Determining if the CXX compiler works passed with the following output:
Change Dir: /home/rihards/Desktop/OSCC_Mar_2018/oscc-joystick-commander/oscc/firmware/build/CMakeFiles/CMakeTmp

Run Build Command:"/usr/bin/make" "cmTC_256b2/fast"
/usr/bin/make -f CMakeFiles/cmTC_256b2.dir/build.make CMakeFiles/cmTC_256b2.dir/build
make[1]: Entering directory '/home/rihards/Desktop/OSCC_Mar_2018/oscc-joystick-commander/oscc/firmware/build/CMakeFiles/CMakeTmp'
Building CXX object CMakeFiles/cmTC_256b2.dir/testCXXCompiler.cxx.obj
/usr/bin/avr-g++     -g -Os       -mcall-prologues -ffunction-sections -fdata-sections -fno-exceptions    -o CMakeFiles/cmTC_256b2.dir/testCXXCompiler.cxx.obj -c /home/rihards/Desktop/OSCC_Mar_2018/oscc-joystick-commander/oscc/firmware/build/CMakeFiles/CMakeTmp/testCXXCompiler.cxx
Linking CXX executable cmTC_256b2
/usr/bin/cmake -E cmake_link_script CMakeFiles/cmTC_256b2.dir/link.txt --verbose=1
/usr/bin/avr-g++   -g -Os       -mcall-prologues -ffunction-sections -fdata-sections -fno-exceptions   -Wl,--gc-sections -lm  CMakeFiles/cmTC_256b2.dir/testCXXCompiler.cxx.obj  -o cmTC_256b2  
make[1]: Leaving directory '/home/rihards/Desktop/OSCC_Mar_2018/oscc-joystick-commander/oscc/firmware/build/CMakeFiles/CMakeTmp'


Detecting CXX compiler ABI info compiled with the following output:
Change Dir: /home/rihards/Desktop/OSCC_Mar_2018/oscc-joystick-commander/oscc/firmware/build/CMakeFiles/CMakeTmp

Run Build Command:"/usr/bin/make" "cmTC_c5c25/fast"
/usr/bin/make -f CMakeFiles/cmTC_c5c25.dir/build.make CMakeFiles/cmTC_c5c25.dir/build
make[1]: Entering directory '/home/rihards/Desktop/OSCC_Mar_2018/oscc-joystick-commander/oscc/firmware/build/CMakeFiles/CMakeTmp'
Building CXX object CMakeFiles/cmTC_c5c25.dir/CMakeCXXCompilerABI.cpp.obj
/usr/bin/avr-g++     -g -Os       -mcall-prologues -ffunction-sections -fdata-sections -fno-exceptions    -o CMakeFiles/cmTC_c5c25.dir/CMakeCXXCompilerABI.cpp.obj -c /usr/share/cmake-3.5/Modules/CMakeCXXCompilerABI.cpp
Linking CXX executable cmTC_c5c25
/usr/bin/cmake -E cmake_link_script CMakeFiles/cmTC_c5c25.dir/link.txt --verbose=1
/usr/bin/avr-g++   -g -Os       -mcall-prologues -ffunction-sections -fdata-sections -fno-exceptions   -Wl,--gc-sections -lm -v CMakeFiles/cmTC_c5c25.dir/CMakeCXXCompilerABI.cpp.obj  -o cmTC_c5c25   
Using built-in specs.
Reading specs from /usr/lib/gcc/avr/4.9.2/device-specs/specs-avr2
COLLECT_GCC=/usr/bin/avr-g++
COLLECT_LTO_WRAPPER=/usr/lib/gcc/avr/4.9.2/lto-wrapper
Target: avr
Configured with: ../src/configure -v --enable-languages=c,c++ --prefix=/usr/lib --infodir=/usr/share/info --mandir=/usr/share/man --bindir=/usr/bin --libexecdir=/usr/lib --libdir=/usr/lib --enable-shared --with-system-zlib --enable-long-long --enable-nls --without-included-gettext --disable-libssp --build=x86_64-linux-gnu --host=x86_64-linux-gnu --target=avr CFLAGS='-g -O2 -fstack-protector-strong -Wformat ' CPPFLAGS=-D_FORTIFY_SOURCE=2 CXXFLAGS='-g -O2 -fstack-protector-strong -Wformat ' FCFLAGS='-g -O2 -fstack-protector-strong' FFLAGS='-g -O2 -fstack-protector-strong' GCJFLAGS='-g -O2 -fstack-protector-strong' LDFLAGS='-Wl,-Bsymbolic-functions -Wl,-z,relro' OBJCFLAGS='-g -O2 -fstack-protector-strong -Wformat ' OBJCXXFLAGS='-g -O2 -fstack-protector-strong -Wformat '
Thread model: single
gcc version 4.9.2 (GCC) 
COMPILER_PATH=/usr/lib/gcc/avr/4.9.2/:/usr/lib/gcc/avr/4.9.2/:/usr/lib/gcc/avr/:/usr/lib/gcc/avr/4.9.2/:/usr/lib/gcc/avr/:/usr/lib/gcc/avr/4.9.2/../../../avr/bin/
LIBRARY_PATH=/usr/lib/gcc/avr/4.9.2/:/usr/lib/gcc/avr/4.9.2/../../../avr/lib/
COLLECT_GCC_OPTIONS='-g' '-Os' '-mcall-prologues' '-ffunction-sections' '-fdata-sections' '-fno-exceptions' '-v' '-o' 'cmTC_c5c25' '-specs=device-specs/specs-avr2'
 /usr/lib/gcc/avr/4.9.2/collect2 -plugin /usr/lib/gcc/avr/4.9.2/liblto_plugin.so -plugin-opt=/usr/lib/gcc/avr/4.9.2/lto-wrapper -plugin-opt=-fresolution=/tmp/ccuNuJzn.res -plugin-opt=-pass-through=-lgcc -plugin-opt=-pass-through=-lm -plugin-opt=-pass-through=-lc -o cmTC_c5c25 -L/usr/lib/gcc/avr/4.9.2 -L/usr/lib/gcc/avr/4.9.2/../../../avr/lib --gc-sections CMakeFiles/cmTC_c5c25.dir/CMakeCXXCompilerABI.cpp.obj -lgcc -lm --start-group -lgcc -lm -lc --end-group
make[1]: Leaving directory '/home/rihards/Desktop/OSCC_Mar_2018/oscc-joystick-commander/oscc/firmware/build/CMakeFiles/CMakeTmp'


Parsed CXX implicit link information from above output:
  link line regex: [^( *|.*[/\])(avr-ld|([^/\]+-)?ld|collect2)[^/\]*( |$)]
  ignore line: [Change Dir: /home/rihards/Desktop/OSCC_Mar_2018/oscc-joystick-commander/oscc/firmware/build/CMakeFiles/CMakeTmp]
  ignore line: []
  ignore line: [Run Build Command:"/usr/bin/make" "cmTC_c5c25/fast"]
  ignore line: [/usr/bin/make -f CMakeFiles/cmTC_c5c25.dir/build.make CMakeFiles/cmTC_c5c25.dir/build]
  ignore line: [make[1]: Entering directory '/home/rihards/Desktop/OSCC_Mar_2018/oscc-joystick-commander/oscc/firmware/build/CMakeFiles/CMakeTmp']
  ignore line: [Building CXX object CMakeFiles/cmTC_c5c25.dir/CMakeCXXCompilerABI.cpp.obj]
  ignore line: [/usr/bin/avr-g++     -g -Os       -mcall-prologues -ffunction-sections -fdata-sections -fno-exceptions    -o CMakeFiles/cmTC_c5c25.dir/CMakeCXXCompilerABI.cpp.obj -c /usr/share/cmake-3.5/Modules/CMakeCXXCompilerABI.cpp]
  ignore line: [Linking CXX executable cmTC_c5c25]
  ignore line: [/usr/bin/cmake -E cmake_link_script CMakeFiles/cmTC_c5c25.dir/link.txt --verbose=1]
  ignore line: [/usr/bin/avr-g++   -g -Os       -mcall-prologues -ffunction-sections -fdata-sections -fno-exceptions   -Wl,--gc-sections -lm -v CMakeFiles/cmTC_c5c25.dir/CMakeCXXCompilerABI.cpp.obj  -o cmTC_c5c25   ]
  ignore line: [Using built-in specs.]
  ignore line: [Reading specs from /usr/lib/gcc/avr/4.9.2/device-specs/specs-avr2]
  ignore line: [COLLECT_GCC=/usr/bin/avr-g++]
  ignore line: [COLLECT_LTO_WRAPPER=/usr/lib/gcc/avr/4.9.2/lto-wrapper]
  ignore line: [Target: avr]
  ignore line: [Configured with: ../src/configure -v --enable-languages=c,c++ --prefix=/usr/lib --infodir=/usr/share/info --mandir=/usr/share/man --bindir=/usr/bin --libexecdir=/usr/lib --libdir=/usr/lib --enable-shared --with-system-zlib --enable-long-long --enable-nls --without-included-gettext --disable-libssp --build=x86_64-linux-gnu --host=x86_64-linux-gnu --target=avr CFLAGS='-g -O2 -fstack-protector-strong -Wformat ' CPPFLAGS=-D_FORTIFY_SOURCE=2 CXXFLAGS='-g -O2 -fstack-protector-strong -Wformat ' FCFLAGS='-g -O2 -fstack-protector-strong' FFLAGS='-g -O2 -fstack-protector-strong' GCJFLAGS='-g -O2 -fstack-protector-strong' LDFLAGS='-Wl,-Bsymbolic-functions -Wl,-z,relro' OBJCFLAGS='-g -O2 -fstack-protector-strong -Wformat ' OBJCXXFLAGS='-g -O2 -fstack-protector-strong -Wformat ']
  ignore line: [Thread model: single]
  ignore line: [gcc version 4.9.2 (GCC) ]
  ignore line: [COMPILER_PATH=/usr/lib/gcc/avr/4.9.2/:/usr/lib/gcc/avr/4.9.2/:/usr/lib/gcc/avr/:/usr/lib/gcc/avr/4.9.2/:/usr/lib/gcc/avr/:/usr/lib/gcc/avr/4.9.2/../../../avr/bin/]
  ignore line: [LIBRARY_PATH=/usr/lib/gcc/avr/4.9.2/:/usr/lib/gcc/avr/4.9.2/../../../avr/lib/]
  ignore line: [COLLECT_GCC_OPTIONS='-g' '-Os' '-mcall-prologues' '-ffunction-sections' '-fdata-sections' '-fno-exceptions' '-v' '-o' 'cmTC_c5c25' '-specs=device-specs/specs-avr2']
  link line: [ /usr/lib/gcc/avr/4.9.2/collect2 -plugin /usr/lib/gcc/avr/4.9.2/liblto_plugin.so -plugin-opt=/usr/lib/gcc/avr/4.9.2/lto-wrapper -plugin-opt=-fresolution=/tmp/ccuNuJzn.res -plugin-opt=-pass-through=-lgcc -plugin-opt=-pass-through=-lm -plugin-opt=-pass-through=-lc -o cmTC_c5c25 -L/usr/lib/gcc/avr/4.9.2 -L/usr/lib/gcc/avr/4.9.2/../../../avr/lib --gc-sections CMakeFiles/cmTC_c5c25.dir/CMakeCXXCompilerABI.cpp.obj -lgcc -lm --start-group -lgcc -lm -lc --end-group]
    arg [/usr/lib/gcc/avr/4.9.2/collect2] ==> ignore
    arg [-plugin] ==> ignore
    arg [/usr/lib/gcc/avr/4.9.2/liblto_plugin.so] ==> ignore
    arg [-plugin-opt=/usr/lib/gcc/avr/4.9.2/lto-wrapper] ==> ignore
    arg [-plugin-opt=-fresolution=/tmp/ccuNuJzn.res] ==> ignore
    arg [-plugin-opt=-pass-through=-lgcc] ==> ignore
    arg [-plugin-opt=-pass-through=-lm] ==> ignore
    arg [-plugin-opt=-pass-through=-lc] ==> ignore
    arg [-o] ==> ignore
    arg [cmTC_c5c25] ==> ignore
    arg [-L/usr/lib/gcc/avr/4.9.2] ==> dir [/usr/lib/gcc/avr/4.9.2]
    arg [-L/usr/lib/gcc/avr/4.9.2/../../../avr/lib] ==> dir [/usr/lib/gcc/avr/4.9.2/../../../avr/lib]
    arg [--gc-sections] ==> ignore
    arg [CMakeFiles/cmTC_c5c25.dir/CMakeCXXCompilerABI.cpp.obj] ==> ignore
    arg [-lgcc] ==> lib [gcc]
    arg [-lm] ==> lib [m]
    arg [--start-group] ==> ignore
    arg [-lgcc] ==> lib [gcc]
    arg [-lm] ==> lib [m]
    arg [-lc] ==> lib [c]
    arg [--end-group] ==> ignore
  remove lib [gcc]
  remove lib [gcc]
  collapse library dir [/usr/lib/gcc/avr/4.9.2] ==> [/usr/lib/gcc/avr/4.9.2]
  collapse library dir [/usr/lib/gcc/avr/4.9.2/../../../avr/lib] ==> [/usr/lib/avr/lib]
  implicit libs: [m;m;c]
  implicit dirs: [/usr/lib/gcc/avr/4.9.2;/usr/lib/avr/lib]
  implicit fwks: []




Detecting CXX [-std=c++14] compiler features compiled with the following output:
Change Dir: /home/rihards/Desktop/OSCC_Mar_2018/oscc-joystick-commander/oscc/firmware/build/CMakeFiles/CMakeTmp

Run Build Command:"/usr/bin/make" "cmTC_4a883/fast"
/usr/bin/make -f CMakeFiles/cmTC_4a883.dir/build.make CMakeFiles/cmTC_4a883.dir/build
make[1]: Entering directory '/home/rihards/Desktop/OSCC_Mar_2018/oscc-joystick-commander/oscc/firmware/build/CMakeFiles/CMakeTmp'
Building CXX object CMakeFiles/cmTC_4a883.dir/feature_tests.cxx.obj
/usr/bin/avr-g++     -g -Os       -mcall-prologues -ffunction-sections -fdata-sections -fno-exceptions    -std=c++14 -o CMakeFiles/cmTC_4a883.dir/feature_tests.cxx.obj -c /home/rihards/Desktop/OSCC_Mar_2018/oscc-joystick-commander/oscc/firmware/build/CMakeFiles/feature_tests.cxx
Linking CXX executable cmTC_4a883
/usr/bin/cmake -E cmake_link_script CMakeFiles/cmTC_4a883.dir/link.txt --verbose=1
/usr/bin/avr-g++   -g -Os       -mcall-prologues -ffunction-sections -fdata-sections -fno-exceptions   -Wl,--gc-sections -lm  CMakeFiles/cmTC_4a883.dir/feature_tests.cxx.obj  -o cmTC_4a883  
make[1]: Leaving directory '/home/rihards/Desktop/OSCC_Mar_2018/oscc-joystick-commander/oscc/firmware/build/CMakeFiles/CMakeTmp'




Detecting CXX [-std=c++11] compiler features compiled with the following output:
Change Dir: /home/rihards/Desktop/OSCC_Mar_2018/oscc-joystick-commander/oscc/firmware/build/CMakeFiles/CMakeTmp

Run Build Command:"/usr/bin/make" "cmTC_d5e54/fast"
/usr/bin/make -f CMakeFiles/cmTC_d5e54.dir/build.make CMakeFiles/cmTC_d5e54.dir/build
make[1]: Entering directory '/home/rihards/Desktop/OSCC_Mar_2018/oscc-joystick-commander/oscc/firmware/build/CMakeFiles/CMakeTmp'
Building CXX object CMakeFiles/cmTC_d5e54.dir/feature_tests.cxx.obj
/usr/bin/avr-g++     -g -Os       -mcall-prologues -ffunction-sections -fdata-sections -fno-exceptions    -std=c++11 -o CMakeFiles/cmTC_d5e54.dir/feature_tests.cxx.obj -c /home/rihards/Desktop/OSCC_Mar_2018/oscc-joystick-commander/oscc/firmware/build/CMakeFiles/feature_tests.cxx
Linking CXX executable cmTC_d5e54
/usr/bin/cmake -E cmake_link_script CMakeFiles/cmTC_d5e54.dir/link.txt --verbose=1
/usr/bin/avr-g++   -g -Os       -mcall-prologues -ffunction-sections -fdata-sections -fno-exceptions   -Wl,--gc-sections -lm  CMakeFiles/cmTC_d5e54.dir/feature_tests.cxx.obj  -o cmTC_d5e54  
make[1]: Leaving directory '/home/rihards/Desktop/OSCC_Mar_2018/oscc-joystick-commander/oscc/firmware/build/CMakeFiles/CMakeTmp'




Detecting CXX [-std=c++98] compiler features compiled with the following output:
Change Dir: /home/rihards/Desktop/OSCC_Mar_2018/oscc-joystick-commander/oscc/firmware/build/CMakeFiles/CMakeTmp

Run Build Command:"/usr/bin/make" "cmTC_bf939/fast"
/usr/bin/make -f CMakeFiles/cmTC_bf939.dir/build.make CMakeFiles/cmTC_bf939.dir/build
make[1]: Entering directory '/home/rihards/Desktop/OSCC_Mar_2018/oscc-joystick-commander/oscc/firmware/build/CMakeFiles/CMakeTmp'
Building CXX object CMakeFiles/cmTC_bf939.dir/feature_tests.cxx.obj
/usr/bin/avr-g++     -g -Os       -mcall-prologues -ffunction-sections -fdata-sections -fno-exceptions    -std=c++98 -o CMakeFiles/cmTC_bf939.dir/feature_tests.cxx.obj -c /home/rihards/Desktop/OSCC_Mar_2018/oscc-joystick-commander/oscc/firmware/build/CMakeFiles/feature_tests.cxx
Linking CXX executable cmTC_bf939
/usr/bin/cmake -E cmake_link_script CMakeFiles/cmTC_bf939.dir/link.txt --verbose=1
/usr/bin/avr-g++   -g -Os       -mcall-prologues -ffunction-sections -fdata-sections -fno-exceptions   -Wl,--gc-sections -lm  CMakeFiles/cmTC_bf939.dir/feature_tests.cxx.obj  -o cmTC_bf939  
make[1]: Leaving directory '/home/rihards/Desktop/OSCC_Mar_2018/oscc-joystick-commander/oscc/firmware/build/CMakeFiles/CMakeTmp'


